<?xml version="1.0" encoding="UTF-8"?>
<!-- Generated by org.testng.reporters.JUnitXMLReporter -->
<testsuite hostname="DESKTOP-77FO7BT" ignored="0" name="Test-Runner2" tests="1" failures="0" timestamp="2022-09-03T11:16:45 IST" time="131.227" errors="0">
  <testcase name="createContWithOrg" time="94.542" classname="vtiger.ContactsTests.CreateContactWithOrg"/>
</testsuite> <!-- Test-Runner2 -->
