<?xml version="1.0" encoding="UTF-8"?>
<!-- Generated by org.testng.reporters.JUnitReportReporter -->
<testsuite skipped="0" hostname="DESKTOP-77FO7BT" name="vtiger.CampignsTests.CreateCampignTest" tests="1" failures="0" timestamp="2022-09-01T08:54:55 IST" time="27.775" errors="0">
  <testcase name="createCampignTest" time="27.775" classname="vtiger.CampignsTests.CreateCampignTest"/>
  <system-out/>
</testsuite> <!-- vtiger.CampignsTests.CreateCampignTest -->
