<?xml version="1.0" encoding="UTF-8"?>
<!-- Generated by org.testng.reporters.JUnitReportReporter -->
<testsuite skipped="0" hostname="DESKTOP-77FO7BT" name="vtiger.Practice.AnnotationPractice" tests="1" failures="0" timestamp="2022-09-01T10:58:47 IST" time="0.014" errors="0">
  <testcase name="test" time="0.014" classname="vtiger.Practice.AnnotationPractice"/>
  <system-out/>
</testsuite> <!-- vtiger.Practice.AnnotationPractice -->
