<?xml version="1.0" encoding="UTF-8"?>
<!-- Generated by org.testng.reporters.JUnitReportReporter -->
<testsuite skipped="0" hostname="DESKTOP-77FO7BT" name="vtiger.OrganizationsTests.CreateMultipleOrgWithIndustryTest" tests="7" failures="0" timestamp="2022-09-01T09:59:28 IST" time="212.428" errors="0">
  <testcase name="createMultipleOrgTest" time="27.132" classname="vtiger.OrganizationsTests.CreateMultipleOrgWithIndustryTest"/>
  <system-out/>
  <testcase name="createMultipleOrgTest" time="31.397" classname="vtiger.OrganizationsTests.CreateMultipleOrgWithIndustryTest"/>
  <system-out/>
  <testcase name="createMultipleOrgTest" time="30.123" classname="vtiger.OrganizationsTests.CreateMultipleOrgWithIndustryTest"/>
  <system-out/>
  <testcase name="createMultipleOrgTest" time="35.753" classname="vtiger.OrganizationsTests.CreateMultipleOrgWithIndustryTest"/>
  <system-out/>
  <testcase name="createMultipleOrgTest" time="27.873" classname="vtiger.OrganizationsTests.CreateMultipleOrgWithIndustryTest"/>
  <system-out/>
  <testcase name="createMultipleOrgTest" time="31.061" classname="vtiger.OrganizationsTests.CreateMultipleOrgWithIndustryTest"/>
  <system-out/>
  <testcase name="createMultipleOrgTest" time="29.089" classname="vtiger.OrganizationsTests.CreateMultipleOrgWithIndustryTest"/>
  <system-out/>
</testsuite> <!-- vtiger.OrganizationsTests.CreateMultipleOrgWithIndustryTest -->
