<?xml version="1.0" encoding="UTF-8"?>
<!-- Generated by org.testng.reporters.JUnitReportReporter -->
<testsuite skipped="0" hostname="DESKTOP-77FO7BT" name="vtiger.ContactsTests.CreateContactWithOrg" tests="1" failures="0" timestamp="2022-09-03T11:16:45 IST" time="118.680" errors="0">
  <testcase name="createContWithOrg" time="118.680" classname="vtiger.ContactsTests.CreateContactWithOrg"/>
  <system-out/>
</testsuite> <!-- vtiger.ContactsTests.CreateContactWithOrg -->
