<?xml version="1.0" encoding="UTF-8"?>
<!-- Generated by org.testng.reporters.JUnitReportReporter -->
<testsuite skipped="0" hostname="DESKTOP-77FO7BT" name="vtiger.ContactsTests.CreateContactTest" tests="2" failures="0" timestamp="2022-09-15T18:11:59 IST" time="31.395" errors="0">
  <testcase name="createContactTest" time="25.731" classname="vtiger.ContactsTests.CreateContactTest"/>
  <system-out>
Contacts page is displayed Create contact page is displayed contact is created  </system-out>
  <testcase name="demoRegRegreesion" time="5.664" classname="vtiger.ContactsTests.CreateContactTest"/>
  <system-out/>
</testsuite> <!-- vtiger.ContactsTests.CreateContactTest -->
