<?xml version="1.0" encoding="UTF-8"?>
<!-- Generated by org.testng.reporters.JUnitReportReporter -->
<testsuite skipped="0" hostname="DESKTOP-77FO7BT" name="vtiger.Practice.DataProvidePractice" tests="7" failures="0" timestamp="2022-09-01T09:31:55 IST" time="0.023" errors="0">
  <testcase name="addProductToCart" time="0.000" classname="vtiger.Practice.DataProvidePractice"/>
  <system-out/>
  <testcase name="addProductToCart" time="0.000" classname="vtiger.Practice.DataProvidePractice"/>
  <system-out/>
  <testcase name="addProductToCart" time="0.000" classname="vtiger.Practice.DataProvidePractice"/>
  <system-out/>
  <testcase name="addProductToCart" time="0.008" classname="vtiger.Practice.DataProvidePractice"/>
  <system-out/>
  <testcase name="addProductToCart" time="0.000" classname="vtiger.Practice.DataProvidePractice"/>
  <system-out/>
  <testcase name="addProductToCart" time="0.015" classname="vtiger.Practice.DataProvidePractice"/>
  <system-out/>
  <testcase name="addProductToCart" time="0.000" classname="vtiger.Practice.DataProvidePractice"/>
  <system-out/>
</testsuite> <!-- vtiger.Practice.DataProvidePractice -->
