<?xml version="1.0" encoding="UTF-8"?>
<!-- Generated by org.testng.reporters.JUnitReportReporter -->
<testsuite skipped="0" hostname="DESKTOP-77FO7BT" name="vtiger.Practice.testNGPractice" tests="3" failures="0" timestamp="2022-08-29T12:46:07 IST" time="0.037" errors="0">
  <testcase name="deleteOrganizationTest" time="0.018" classname="vtiger.Practice.testNGPractice"/>
  <system-out/>
  <testcase name="createOrganizationTest" time="0.019" classname="vtiger.Practice.testNGPractice"/>
  <system-out/>
  <testcase name="modifyOrganizationTest" time="0.000" classname="vtiger.Practice.testNGPractice"/>
  <system-out/>
</testsuite> <!-- vtiger.Practice.testNGPractice -->
