<?xml version="1.0" encoding="UTF-8"?>
<!-- Generated by org.testng.reporters.JUnitReportReporter -->
<testsuite skipped="0" hostname="DESKTOP-77FO7BT" name="vtiger.ContactsTests.CreateContactWithOrganization" tests="1" failures="0" timestamp="2022-09-02T11:18:34 IST" time="61.412" errors="0">
  <testcase name="createContWithOrgTest" time="61.412" classname="vtiger.ContactsTests.CreateContactWithOrganization"/>
  <system-out/>
</testsuite> <!-- vtiger.ContactsTests.CreateContactWithOrganization -->
