<?xml version="1.0" encoding="UTF-8"?>
<!-- Generated by org.testng.reporters.JUnitReportReporter -->
<testsuite skipped="0" hostname="DESKTOP-77FO7BT" name="vtiger.VendorsTests.CreateVendorTest" tests="1" failures="0" timestamp="2022-09-15T19:29:31 IST" time="12.162" errors="0">
  <testcase name="createVendorTest" time="12.162" classname="vtiger.VendorsTests.CreateVendorTest"/>
  <system-out>
vendors page is displayed create vendor page is displayed vendor information page is displayed Vendor is created  </system-out>
</testsuite> <!-- vtiger.VendorsTests.CreateVendorTest -->
