<?xml version="1.0" encoding="UTF-8"?>
<!-- Generated by org.testng.reporters.JUnitReportReporter -->
<testsuite skipped="0" hostname="DESKTOP-77FO7BT" name="vtiger.ContactsTests.CreateContactWithOrganizationTest" tests="1" failures="0" timestamp="2022-09-15T19:29:31 IST" time="26.104" errors="0">
  <testcase name="createContWithOrgTest" time="26.104" classname="vtiger.ContactsTests.CreateContactWithOrganizationTest"/>
  <system-out>
Contact is created  </system-out>
</testsuite> <!-- vtiger.ContactsTests.CreateContactWithOrganizationTest -->
