<?xml version="1.0" encoding="UTF-8"?>
<!-- Generated by org.testng.reporters.JUnitReportReporter -->
<testsuite skipped="0" hostname="DESKTOP-77FO7BT" name="vtiger.ContactsTests.CreateContactWithMandFieldTest" tests="1" failures="0" timestamp="2022-09-15T19:29:31 IST" time="14.680" errors="0">
  <testcase name="createContactTest" time="14.680" classname="vtiger.ContactsTests.CreateContactWithMandFieldTest"/>
  <system-out/>
</testsuite> <!-- vtiger.ContactsTests.CreateContactWithMandFieldTest -->
